<?xml version="1.0" encoding="UTF-8"?>
<!-- Generated by org.testng.reporters.JUnitXMLReporter -->
<testsuite hostname="PMANALA" ignored="0" name="Surefire test" tests="1" failures="0" timestamp="06 Dec 2018 05:43:09 GMT" time="0.522" errors="0">
  <testcase name="@BeforeClass setUpClass" time="0.472" classname="cucumber.api.testng.AbstractTestNGCucumberTests">
    <failure type="cucumber.runtime.DuplicateStepDefinitionException" message="Duplicate step definitions in com.toolsQA.stepDefinations.CartPageSteps_SetpDef_3.moves_to_checkout_from_mini_cart() in file:/C:/Users/pmanala/workspace_New/automation-cucumber-demo/target/test-classes/ and com.toolsQA.stepDefinations.End2End_ConfigReador_StepDef4.moves_to_checkout_from_mini_cart() in file:/C:/Users/pmanala/workspace_New/automation-cucumber-demo/target/test-classes/">
      <![CDATA[cucumber.runtime.DuplicateStepDefinitionException: Duplicate step definitions in com.toolsQA.stepDefinations.CartPageSteps_SetpDef_3.moves_to_checkout_from_mini_cart() in file:/C:/Users/pmanala/workspace_New/automation-cucumber-demo/target/test-classes/ and com.toolsQA.stepDefinations.End2End_ConfigReador_StepDef4.moves_to_checkout_from_mini_cart() in file:/C:/Users/pmanala/workspace_New/automation-cucumber-demo/target/test-classes/
at cucumber.runtime.RuntimeGlue.addStepDefinition(RuntimeGlue.java:33)
at cucumber.runtime.java.JavaBackend.addStepDefinition(JavaBackend.java:153)
at cucumber.runtime.java.MethodScanner.scan(MethodScanner.java:68)
at cucumber.runtime.java.MethodScanner.scan(MethodScanner.java:41)
at cucumber.runtime.java.JavaBackend.loadGlue(JavaBackend.java:89)
at cucumber.runtime.Runtime.<init>(Runtime.java:92)
at cucumber.runtime.Runtime.<init>(Runtime.java:70)
at cucumber.runtime.Runtime.<init>(Runtime.java:66)
at cucumber.api.testng.TestNGCucumberRunner.<init>(TestNGCucumberRunner.java:42)
at cucumber.api.testng.AbstractTestNGCucumberTests.setUpClass(AbstractTestNGCucumberTests.java:16)
... Removed 30 stack frames]]>
    </failure>
  </testcase> <!-- @BeforeClass setUpClass -->
  <testcase name="@AfterClass tearDownClass" time="0.0" classname="cucumber.api.testng.AbstractTestNGCucumberTests">
    <failure type="java.lang.NullPointerException">
      <![CDATA[java.lang.NullPointerException
at cucumber.api.testng.AbstractTestNGCucumberTests.tearDownClass(AbstractTestNGCucumberTests.java:34)
... Removed 30 stack frames]]>
    </failure>
  </testcase> <!-- @AfterClass tearDownClass -->
  <testcase name="feature" time="0.0" classname="cucumber.api.testng.AbstractTestNGCucumberTests">
    <skipped/>
  </testcase> <!-- feature -->
</testsuite> <!-- Surefire test -->
